<?xml version="1.0" encoding="UTF-8"?>
<!-- Generated by org.testng.reporters.JUnitXMLReporter -->
<testsuite hostname="nova-PC" name="YWCL_OR04_case6" tests="69" failures="0" timestamp="15 Jun 2017 09:55:17 GMT" time="78.441" errors="0">
  <testcase name="IRR_YWCL_OR04_INPut" time="75.874" classname="com.webirrse.testcode.IRR_YWCL_OR04"/>
  <testcase name="glclzl" time="0.031" classname="com.webirrse.testcode.IRR_YWCL_OR04"/>
  <testcase name="glclzl_lz" time="0.052" classname="com.webirrse.testcode.IRR_YWCL_OR04"/>
  <testcase name="glclzl_zz" time="0.049" classname="com.webirrse.testcode.IRR_YWCL_OR04"/>
  <testcase name="bmglcjy" time="0.035" classname="com.webirrse.testcode.IRR_YWCL_OR04"/>
  <testcase name="bmglcjy_wnys" time="0.035" classname="com.webirrse.testcode.IRR_YWCL_OR04"/>
  <testcase name="bmglcjy_qmzs" time="0.041" classname="com.webirrse.testcode.IRR_YWCL_OR04"/>
  <testcase name="yglsl" time="0.037" classname="com.webirrse.testcode.IRR_YWCL_OR04"/>
  <testcase name="yglsl_lz" time="0.031" classname="com.webirrse.testcode.IRR_YWCL_OR04"/>
  <testcase name="yglsl_qb" time="0.03" classname="com.webirrse.testcode.IRR_YWCL_OR04"/>
  <testcase name="yglsl_zj" time="0.027" classname="com.webirrse.testcode.IRR_YWCL_OR04"/>
  <testcase name="fzrpxcs" time="0.031" classname="com.webirrse.testcode.IRR_YWCL_OR04"/>
  <testcase name="yjkh" time="0.029" classname="com.webirrse.testcode.IRR_YWCL_OR04"/>
  <testcase name="zjxyqdl" time="0.03" classname="com.webirrse.testcode.IRR_YWCL_OR04"/>
  <testcase name="zjxyqdl_xys" time="0.028" classname="com.webirrse.testcode.IRR_YWCL_OR04"/>
  <testcase name="zjxyqdl_jgs" time="0.031" classname="com.webirrse.testcode.IRR_YWCL_OR04"/>
  <testcase name="xsxyqdl" time="0.038" classname="com.webirrse.testcode.IRR_YWCL_OR04"/>
  <testcase name="xsxyqdl_yxs" time="0.036" classname="com.webirrse.testcode.IRR_YWCL_OR04"/>
  <testcase name="xsxyqdl_zs" time="0.033" classname="com.webirrse.testcode.IRR_YWCL_OR04"/>
  <testcase name="qzbdtsl" time="0.037" classname="com.webirrse.testcode.IRR_YWCL_OR04"/>
  <testcase name="qzbdtsl_tss" time="0.029" classname="com.webirrse.testcode.IRR_YWCL_OR04"/>
  <testcase name="qzbdtsl_yxs" time="0.03" classname="com.webirrse.testcode.IRR_YWCL_OR04"/>
  <testcase name="dlxxlcl" time="0.028" classname="com.webirrse.testcode.IRR_YWCL_OR04"/>
  <testcase name="dlxxlcl_pgzz" time="0.03" classname="com.webirrse.testcode.IRR_YWCL_OR04"/>
  <testcase name="dlxxlcl_rz" time="0.033" classname="com.webirrse.testcode.IRR_YWCL_OR04"/>
  <testcase name="zyczfx_zc" time="0.029" classname="com.webirrse.testcode.IRR_YWCL_OR04"/>
  <testcase name="zyczfx_jg" time="0.027" classname="com.webirrse.testcode.IRR_YWCL_OR04"/>
  <testcase name="zjczfx_zc" time="0.031" classname="com.webirrse.testcode.IRR_YWCL_OR04"/>
  <testcase name="zjczfx_jg" time="0.031" classname="com.webirrse.testcode.IRR_YWCL_OR04"/>
  <testcase name="xsglfx_zc" time="0.052" classname="com.webirrse.testcode.IRR_YWCL_OR04"/>
  <testcase name="xsglfx_jg" time="0.052" classname="com.webirrse.testcode.IRR_YWCL_OR04"/>
  <testcase name="cbbfx" time="0.033" classname="com.webirrse.testcode.IRR_YWCL_OR04"/>
  <testcase name="yyqhfcgl" time="0.033" classname="com.webirrse.testcode.IRR_YWCL_OR04"/>
  <testcase name="yyqhfcgl_hfs" time="0.045" classname="com.webirrse.testcode.IRR_YWCL_OR04"/>
  <testcase name="yyqhfcgl_bds" time="0.044" classname="com.webirrse.testcode.IRR_YWCL_OR04"/>
  <testcase name="qyhfl" time="0.048" classname="com.webirrse.testcode.IRR_YWCL_OR04"/>
  <testcase name="qyhfl_hfs" time="0.037" classname="com.webirrse.testcode.IRR_YWCL_OR04"/>
  <testcase name="qyhfl_bds" time="0.053" classname="com.webirrse.testcode.IRR_YWCL_OR04"/>
  <testcase name="fxqfx_cf" time="0.054" classname="com.webirrse.testcode.IRR_YWCL_OR04"/>
  <testcase name="fxqfx_jgh" time="0.044" classname="com.webirrse.testcode.IRR_YWCL_OR04"/>
  <testcase name="cbglfx_zc" time="0.034" classname="com.webirrse.testcode.IRR_YWCL_OR04"/>
  <testcase name="cbglfx_jg" time="0.034" classname="com.webirrse.testcode.IRR_YWCL_OR04"/>
  <testcase name="xqsfl" time="0.051" classname="com.webirrse.testcode.IRR_YWCL_OR04"/>
  <testcase name="xqsfl_ss" time="0.031" classname="com.webirrse.testcode.IRR_YWCL_OR04"/>
  <testcase name="xqsfl_ys" time="0.037" classname="com.webirrse.testcode.IRR_YWCL_OR04"/>
  <testcase name="bqbgwcl" time="0.041" classname="com.webirrse.testcode.IRR_YWCL_OR04"/>
  <testcase name="bqbgwcl_wc" time="0.049" classname="com.webirrse.testcode.IRR_YWCL_OR04"/>
  <testcase name="bqbgwcl_lc" time="0.053" classname="com.webirrse.testcode.IRR_YWCL_OR04"/>
  <testcase name="bqbgwcl_xz" time="0.035" classname="com.webirrse.testcode.IRR_YWCL_OR04"/>
  <testcase name="tbl" time="0.037" classname="com.webirrse.testcode.IRR_YWCL_OR04"/>
  <testcase name="tbl_cb" time="0.03" classname="com.webirrse.testcode.IRR_YWCL_OR04"/>
  <testcase name="tbl_tb" time="0.027" classname="com.webirrse.testcode.IRR_YWCL_OR04"/>
  <testcase name="tbl_ss" time="0.031" classname="com.webirrse.testcode.IRR_YWCL_OR04"/>
  <testcase name="bdsxl" time="0.029" classname="com.webirrse.testcode.IRR_YWCL_OR04"/>
  <testcase name="bdsxl_sx" time="0.04" classname="com.webirrse.testcode.IRR_YWCL_OR04"/>
  <testcase name="bdsxl_jb" time="0.061" classname="com.webirrse.testcode.IRR_YWCL_OR04"/>
  <testcase name="bdsxl_fx" time="0.032" classname="com.webirrse.testcode.IRR_YWCL_OR04"/>
  <testcase name="bdsxl_zb" time="0.035" classname="com.webirrse.testcode.IRR_YWCL_OR04"/>
  <testcase name="bdsxl_lj" time="0.045" classname="com.webirrse.testcode.IRR_YWCL_OR04"/>
  <testcase name="bqccl" time="0.035" classname="com.webirrse.testcode.IRR_YWCL_OR04"/>
  <testcase name="bqccl_ccs" time="0.051" classname="com.webirrse.testcode.IRR_YWCL_OR04"/>
  <testcase name="bqccl_sxs" time="0.05" classname="com.webirrse.testcode.IRR_YWCL_OR04"/>
  <testcase name="bdzyzf" time="0.032" classname="com.webirrse.testcode.IRR_YWCL_OR04"/>
  <testcase name="bqglfx_zc" time="0.035" classname="com.webirrse.testcode.IRR_YWCL_OR04"/>
  <testcase name="bqglfx_jg" time="0.04" classname="com.webirrse.testcode.IRR_YWCL_OR04"/>
  <testcase name="zdfx" time="0.029" classname="com.webirrse.testcode.IRR_YWCL_OR04"/>
  <testcase name="zhglaq_zc" time="0.031" classname="com.webirrse.testcode.IRR_YWCL_OR04"/>
  <testcase name="zhglaq_jg" time="0.03" classname="com.webirrse.testcode.IRR_YWCL_OR04"/>
  <testcase name="yjxtjt" time="0.031" classname="com.webirrse.testcode.IRR_YWCL_OR04"/>
</testsuite> <!-- YWCL_OR04_case6 -->
