<?xml version="1.0" encoding="UTF-8"?>
<!-- Generated by org.testng.reporters.JUnitXMLReporter -->
<testsuite hostname="nova-PC" name="YWCL_OR04_case11" tests="69" failures="42" timestamp="15 Jun 2017 08:17:30 GMT" time="1.959" errors="0">
  <testcase name="glclzl" time="0.025" classname="com.webirrse.testcode.IRR_YWCL_OR04">
    <failure type="java.lang.AssertionError" message="C4管理层离职率错误 expected [0.51] but found [0.3]">
      <![CDATA[java.lang.AssertionError: C4管理层离职率错误 expected [0.51] but found [0.3]
	at com.webirrse.testcode.IRR_YWCL_OR04.glclzl(IRR_YWCL_OR04.java:134)
... Removed 27 stack frames]]>
    </failure>
  </testcase> <!-- glclzl -->
  <testcase name="glclzl_lz" time="0.024" classname="com.webirrse.testcode.IRR_YWCL_OR04">
    <failure type="java.lang.AssertionError" message="C5最近4个季度省级分公司总经理室成员及中心支公司主要负责人离职人数错误 expected [51] but found [30]">
      <![CDATA[java.lang.AssertionError: C5最近4个季度省级分公司总经理室成员及中心支公司主要负责人离职人数错误 expected [51] but found [30]
	at com.webirrse.testcode.IRR_YWCL_OR04.glclzl_lz(IRR_YWCL_OR04.java:142)
... Removed 27 stack frames]]>
    </failure>
  </testcase> <!-- glclzl_lz -->
  <testcase name="glclzl_zz" time="0.025" classname="com.webirrse.testcode.IRR_YWCL_OR04">
    <failure type="java.lang.AssertionError" message="C6评估期期末省级分公司总经理室成员及中心支公司主要负责人在职人数错误 expected [49] but found [70]">
      <![CDATA[java.lang.AssertionError: C6评估期期末省级分公司总经理室成员及中心支公司主要负责人在职人数错误 expected [49] but found [70]
	at com.webirrse.testcode.IRR_YWCL_OR04.glclzl_zz(IRR_YWCL_OR04.java:150)
... Removed 27 stack frames]]>
    </failure>
  </testcase> <!-- glclzl_zz -->
  <testcase name="bmglcjy" time="0.031" classname="com.webirrse.testcode.IRR_YWCL_OR04">
    <failure type="java.lang.AssertionError" message="C7部门负责人具有5年以上保险相关从业经验的占比 expected [0.49] but found [0.8]">
      <![CDATA[java.lang.AssertionError: C7部门负责人具有5年以上保险相关从业经验的占比 expected [0.49] but found [0.8]
	at com.webirrse.testcode.IRR_YWCL_OR04.bmglcjy(IRR_YWCL_OR04.java:158)
... Removed 27 stack frames]]>
    </failure>
  </testcase> <!-- bmglcjy -->
  <testcase name="bmglcjy_wnys" time="0.027" classname="com.webirrse.testcode.IRR_YWCL_OR04">
    <failure type="java.lang.AssertionError" message="C8五年以上相关从业经验人数 expected [49] but found [80]">
      <![CDATA[java.lang.AssertionError: C8五年以上相关从业经验人数 expected [49] but found [80]
	at com.webirrse.testcode.IRR_YWCL_OR04.bmglcjy_wnys(IRR_YWCL_OR04.java:165)
... Removed 27 stack frames]]>
    </failure>
  </testcase> <!-- bmglcjy_wnys -->
  <testcase name="bmglcjy_qmzs" time="0.045" classname="com.webirrse.testcode.IRR_YWCL_OR04"/>
  <testcase name="yglsl" time="0.028" classname="com.webirrse.testcode.IRR_YWCL_OR04">
    <failure type="java.lang.AssertionError" message="C10员工流失率 expected [0.31] but found [0.15]">
      <![CDATA[java.lang.AssertionError: C10员工流失率 expected [0.31] but found [0.15]
	at com.webirrse.testcode.IRR_YWCL_OR04.yglsl(IRR_YWCL_OR04.java:179)
... Removed 27 stack frames]]>
    </failure>
  </testcase> <!-- yglsl -->
  <testcase name="yglsl_lz" time="0.03" classname="com.webirrse.testcode.IRR_YWCL_OR04">
    <failure type="java.lang.AssertionError" message="C11最近4个季度省级分公司及以下分支机构销售、承保、保全部门离职员工人数 expected [31] but found [15]">
      <![CDATA[java.lang.AssertionError: C11最近4个季度省级分公司及以下分支机构销售、承保、保全部门离职员工人数 expected [31] but found [15]
	at com.webirrse.testcode.IRR_YWCL_OR04.yglsl_lz(IRR_YWCL_OR04.java:186)
... Removed 27 stack frames]]>
    </failure>
  </testcase> <!-- yglsl_lz -->
  <testcase name="yglsl_qb" time="0.031" classname="com.webirrse.testcode.IRR_YWCL_OR04"/>
  <testcase name="yglsl_zj" time="0.035" classname="com.webirrse.testcode.IRR_YWCL_OR04"/>
  <testcase name="fzrpxcs" time="0.026" classname="com.webirrse.testcode.IRR_YWCL_OR04">
    <failure type="java.lang.AssertionError" message="C14最近4个季度部门负责人培训次数 expected [0] but found [3]">
      <![CDATA[java.lang.AssertionError: C14最近4个季度部门负责人培训次数 expected [0] but found [3]
	at com.webirrse.testcode.IRR_YWCL_OR04.fzrpxcs(IRR_YWCL_OR04.java:207)
... Removed 27 stack frames]]>
    </failure>
  </testcase> <!-- fzrpxcs -->
  <testcase name="yjkh" time="0.027" classname="com.webirrse.testcode.IRR_YWCL_OR04">
    <failure type="java.lang.AssertionError" message="C15业绩考核 expected [1|将操作风险纳入省级分公司和中心支公司销售、承保、保全部门负责人考核体系] but found [2|未将操作风险纳入省级分公司和中心支公司销售、承保、保全部门负责人考核体系]">
      <![CDATA[java.lang.AssertionError: C15业绩考核 expected [1|将操作风险纳入省级分公司和中心支公司销售、承保、保全部门负责人考核体系] but found [2|未将操作风险纳入省级分公司和中心支公司销售、承保、保全部门负责人考核体系]
	at com.webirrse.testcode.IRR_YWCL_OR04.yjkh(IRR_YWCL_OR04.java:214)
... Removed 27 stack frames]]>
    </failure>
  </testcase> <!-- yjkh -->
  <testcase name="zjxyqdl" time="0.026" classname="com.webirrse.testcode.IRR_YWCL_OR04"/>
  <testcase name="zjxyqdl_xys" time="0.03" classname="com.webirrse.testcode.IRR_YWCL_OR04"/>
  <testcase name="zjxyqdl_jgs" time="0.026" classname="com.webirrse.testcode.IRR_YWCL_OR04"/>
  <testcase name="xsxyqdl" time="0.032" classname="com.webirrse.testcode.IRR_YWCL_OR04"/>
  <testcase name="xsxyqdl_yxs" time="0.032" classname="com.webirrse.testcode.IRR_YWCL_OR04"/>
  <testcase name="xsxyqdl_zs" time="0.028" classname="com.webirrse.testcode.IRR_YWCL_OR04"/>
  <testcase name="qzbdtsl" time="0.025" classname="com.webirrse.testcode.IRR_YWCL_OR04">
    <failure type="java.lang.AssertionError" message="C22千张保单投诉量 expected [6] but found [3]">
      <![CDATA[java.lang.AssertionError: C22千张保单投诉量 expected [6] but found [3]
	at com.webirrse.testcode.IRR_YWCL_OR04.qzbdtsl(IRR_YWCL_OR04.java:263)
... Removed 27 stack frames]]>
    </failure>
  </testcase> <!-- qzbdtsl -->
  <testcase name="qzbdtsl_tss" time="0.026" classname="com.webirrse.testcode.IRR_YWCL_OR04">
    <failure type="java.lang.AssertionError" message="C23评估期公司受理的有效投诉件数总量 expected [6] but found [3]">
      <![CDATA[java.lang.AssertionError: C23评估期公司受理的有效投诉件数总量 expected [6] but found [3]
	at com.webirrse.testcode.IRR_YWCL_OR04.qzbdtsl_tss(IRR_YWCL_OR04.java:270)
... Removed 27 stack frames]]>
    </failure>
  </testcase> <!-- qzbdtsl_tss -->
  <testcase name="qzbdtsl_yxs" time="0.026" classname="com.webirrse.testcode.IRR_YWCL_OR04"/>
  <testcase name="dlxxlcl" time="0.025" classname="com.webirrse.testcode.IRR_YWCL_OR04">
    <failure type="java.lang.AssertionError" message="C25代理制销售人员13个月留存率 expected [1] but found [0.01]">
      <![CDATA[java.lang.AssertionError: C25代理制销售人员13个月留存率 expected [1] but found [0.01]
	at com.webirrse.testcode.IRR_YWCL_OR04.dlxxlcl(IRR_YWCL_OR04.java:284)
... Removed 27 stack frames]]>
    </failure>
  </testcase> <!-- dlxxlcl -->
  <testcase name="dlxxlcl_pgzz" time="0.024" classname="com.webirrse.testcode.IRR_YWCL_OR04">
    <failure type="java.lang.AssertionError" message="C26评估期期末前13个月已入职且评估期在职代理制销售人员数 expected [100] but found [1]">
      <![CDATA[java.lang.AssertionError: C26评估期期末前13个月已入职且评估期在职代理制销售人员数 expected [100] but found [1]
	at com.webirrse.testcode.IRR_YWCL_OR04.dlxxlcl_pgzz(IRR_YWCL_OR04.java:291)
... Removed 27 stack frames]]>
    </failure>
  </testcase> <!-- dlxxlcl_pgzz -->
  <testcase name="dlxxlcl_rz" time="0.027" classname="com.webirrse.testcode.IRR_YWCL_OR04"/>
  <testcase name="zyczfx_zc" time="0.027" classname="com.webirrse.testcode.IRR_YWCL_OR04">
    <failure type="java.lang.AssertionError" message="C28最近4个季度公司自查发现展业操作风险事件次数 expected [4] but found [0]">
      <![CDATA[java.lang.AssertionError: C28最近4个季度公司自查发现展业操作风险事件次数 expected [4] but found [0]
	at com.webirrse.testcode.IRR_YWCL_OR04.zyczfx_zc(IRR_YWCL_OR04.java:305)
... Removed 27 stack frames]]>
    </failure>
  </testcase> <!-- zyczfx_zc -->
  <testcase name="zyczfx_jg" time="0.025" classname="com.webirrse.testcode.IRR_YWCL_OR04">
    <failure type="java.lang.AssertionError" message="C29最近4个季度监管部门发现展业操作风险事件次数 expected [3] but found [1]">
      <![CDATA[java.lang.AssertionError: C29最近4个季度监管部门发现展业操作风险事件次数 expected [3] but found [1]
	at com.webirrse.testcode.IRR_YWCL_OR04.zyczfx_jg(IRR_YWCL_OR04.java:312)
... Removed 27 stack frames]]>
    </failure>
  </testcase> <!-- zyczfx_jg -->
  <testcase name="zjczfx_zc" time="0.025" classname="com.webirrse.testcode.IRR_YWCL_OR04">
    <failure type="java.lang.AssertionError" message="C30最近4个季度公司自查发现中介业务操作风险事件次数 expected [4] but found [0]">
      <![CDATA[java.lang.AssertionError: C30最近4个季度公司自查发现中介业务操作风险事件次数 expected [4] but found [0]
	at com.webirrse.testcode.IRR_YWCL_OR04.zjczfx_zc(IRR_YWCL_OR04.java:319)
... Removed 27 stack frames]]>
    </failure>
  </testcase> <!-- zjczfx_zc -->
  <testcase name="zjczfx_jg" time="0.026" classname="com.webirrse.testcode.IRR_YWCL_OR04">
    <failure type="java.lang.AssertionError" message="C31最近4个季度监管发现中介业务操作风险事件次数 expected [3] but found [1]">
      <![CDATA[java.lang.AssertionError: C31最近4个季度监管发现中介业务操作风险事件次数 expected [3] but found [1]
	at com.webirrse.testcode.IRR_YWCL_OR04.zjczfx_jg(IRR_YWCL_OR04.java:327)
... Removed 27 stack frames]]>
    </failure>
  </testcase> <!-- zjczfx_jg -->
  <testcase name="xsglfx_zc" time="0.028" classname="com.webirrse.testcode.IRR_YWCL_OR04">
    <failure type="java.lang.AssertionError" message="C32最近4个季度公司自查发现存在销售人员管理操作风险事件的次数 expected [2] but found [0]">
      <![CDATA[java.lang.AssertionError: C32最近4个季度公司自查发现存在销售人员管理操作风险事件的次数 expected [2] but found [0]
	at com.webirrse.testcode.IRR_YWCL_OR04.xsglfx_zc(IRR_YWCL_OR04.java:334)
... Removed 27 stack frames]]>
    </failure>
  </testcase> <!-- xsglfx_zc -->
  <testcase name="xsglfx_jg" time="0.025" classname="com.webirrse.testcode.IRR_YWCL_OR04"/>
  <testcase name="cbbfx" time="0.025" classname="com.webirrse.testcode.IRR_YWCL_OR04">
    <failure type="java.lang.AssertionError" message="C34承保标的风险评估情况 expected [1|公司建立了保险标的生调、体检等核验和风险评估制度，并能严格按制度规定展开核验] but found [2|其他情况]">
      <![CDATA[java.lang.AssertionError: C34承保标的风险评估情况 expected [1|公司建立了保险标的生调、体检等核验和风险评估制度，并能严格按制度规定展开核验] but found [2|其他情况]
	at com.webirrse.testcode.IRR_YWCL_OR04.cbbfx(IRR_YWCL_OR04.java:348)
... Removed 27 stack frames]]>
    </failure>
  </testcase> <!-- cbbfx -->
  <testcase name="yyqhfcgl" time="0.026" classname="com.webirrse.testcode.IRR_YWCL_OR04">
    <failure type="java.lang.AssertionError" message="C35犹豫期内电话回访成功率 expected [0.69] but found [0.99]">
      <![CDATA[java.lang.AssertionError: C35犹豫期内电话回访成功率 expected [0.69] but found [0.99]
	at com.webirrse.testcode.IRR_YWCL_OR04.yyqhfcgl(IRR_YWCL_OR04.java:355)
... Removed 27 stack frames]]>
    </failure>
  </testcase> <!-- yyqhfcgl -->
  <testcase name="yyqhfcgl_hfs" time="0.027" classname="com.webirrse.testcode.IRR_YWCL_OR04">
    <failure type="java.lang.AssertionError" message="C36评估期内通过电话回访方式在犹豫期内完成新契约回访的保单件数 expected [69] but found [99]">
      <![CDATA[java.lang.AssertionError: C36评估期内通过电话回访方式在犹豫期内完成新契约回访的保单件数 expected [69] but found [99]
	at com.webirrse.testcode.IRR_YWCL_OR04.yyqhfcgl_hfs(IRR_YWCL_OR04.java:362)
... Removed 27 stack frames]]>
    </failure>
  </testcase> <!-- yyqhfcgl_hfs -->
  <testcase name="yyqhfcgl_bds" time="0.025" classname="com.webirrse.testcode.IRR_YWCL_OR04"/>
  <testcase name="qyhfl" time="0.024" classname="com.webirrse.testcode.IRR_YWCL_OR04">
    <failure type="java.lang.AssertionError" message="C38新契约回访完成率 expected [0.89] but found [0.99]">
      <![CDATA[java.lang.AssertionError: C38新契约回访完成率 expected [0.89] but found [0.99]
	at com.webirrse.testcode.IRR_YWCL_OR04.qyhfl(IRR_YWCL_OR04.java:376)
... Removed 27 stack frames]]>
    </failure>
  </testcase> <!-- qyhfl -->
  <testcase name="qyhfl_hfs" time="0.026" classname="com.webirrse.testcode.IRR_YWCL_OR04">
    <failure type="java.lang.AssertionError" message="C39评估期内承保的保单中完成回访的保单件数 expected [89] but found [99]">
      <![CDATA[java.lang.AssertionError: C39评估期内承保的保单中完成回访的保单件数 expected [89] but found [99]
	at com.webirrse.testcode.IRR_YWCL_OR04.qyhfl_hfs(IRR_YWCL_OR04.java:383)
... Removed 27 stack frames]]>
    </failure>
  </testcase> <!-- qyhfl_hfs -->
  <testcase name="qyhfl_bds" time="0.027" classname="com.webirrse.testcode.IRR_YWCL_OR04"/>
  <testcase name="fxqfx_cf" time="0.026" classname="com.webirrse.testcode.IRR_YWCL_OR04">
    <failure type="java.lang.AssertionError" message="C41最近4个季度公司因反洗钱工作被监管部门处罚次数 expected [2] but found [0]">
      <![CDATA[java.lang.AssertionError: C41最近4个季度公司因反洗钱工作被监管部门处罚次数 expected [2] but found [0]
	at com.webirrse.testcode.IRR_YWCL_OR04.fxqfx_cf(IRR_YWCL_OR04.java:397)
... Removed 27 stack frames]]>
    </failure>
  </testcase> <!-- fxqfx_cf -->
  <testcase name="fxqfx_jgh" time="0.026" classname="com.webirrse.testcode.IRR_YWCL_OR04"/>
  <testcase name="cbglfx_zc" time="0.024" classname="com.webirrse.testcode.IRR_YWCL_OR04">
    <failure type="java.lang.AssertionError" message="C43最近4个季度公司自查发现承保管理操作风险事件次数 expected [6] but found [0]">
      <![CDATA[java.lang.AssertionError: C43最近4个季度公司自查发现承保管理操作风险事件次数 expected [6] but found [0]
	at com.webirrse.testcode.IRR_YWCL_OR04.cbglfx_zc(IRR_YWCL_OR04.java:411)
... Removed 27 stack frames]]>
    </failure>
  </testcase> <!-- cbglfx_zc -->
  <testcase name="cbglfx_jg" time="0.024" classname="com.webirrse.testcode.IRR_YWCL_OR04">
    <failure type="java.lang.AssertionError" message="C44最近4个季度监管部门发现承保管理操作风险事件次数 expected [2] but found [1]">
      <![CDATA[java.lang.AssertionError: C44最近4个季度监管部门发现承保管理操作风险事件次数 expected [2] but found [1]
	at com.webirrse.testcode.IRR_YWCL_OR04.cbglfx_jg(IRR_YWCL_OR04.java:418)
... Removed 27 stack frames]]>
    </failure>
  </testcase> <!-- cbglfx_jg -->
  <testcase name="xqsfl" time="0.024" classname="com.webirrse.testcode.IRR_YWCL_OR04">
    <failure type="java.lang.AssertionError" message="C45续期收费率 expected [0.79] but found [0.9]">
      <![CDATA[java.lang.AssertionError: C45续期收费率 expected [0.79] but found [0.9]
	at com.webirrse.testcode.IRR_YWCL_OR04.xqsfl(IRR_YWCL_OR04.java:425)
... Removed 27 stack frames]]>
    </failure>
  </testcase> <!-- xqsfl -->
  <testcase name="xqsfl_ss" time="0.024" classname="com.webirrse.testcode.IRR_YWCL_OR04">
    <failure type="java.lang.AssertionError" message="C46评估期本期应收实收保费 expected [79] but found [90]">
      <![CDATA[java.lang.AssertionError: C46评估期本期应收实收保费 expected [79] but found [90]
	at com.webirrse.testcode.IRR_YWCL_OR04.xqsfl_ss(IRR_YWCL_OR04.java:432)
... Removed 27 stack frames]]>
    </failure>
  </testcase> <!-- xqsfl_ss -->
  <testcase name="xqsfl_ys" time="0.027" classname="com.webirrse.testcode.IRR_YWCL_OR04"/>
  <testcase name="bqbgwcl" time="0.025" classname="com.webirrse.testcode.IRR_YWCL_OR04">
    <failure type="java.lang.AssertionError" message="C48保全变更完成率 expected [0.89] but found [0.95]">
      <![CDATA[java.lang.AssertionError: C48保全变更完成率 expected [0.89] but found [0.95]
	at com.webirrse.testcode.IRR_YWCL_OR04.bqbgwcl(IRR_YWCL_OR04.java:446)
... Removed 27 stack frames]]>
    </failure>
  </testcase> <!-- bqbgwcl -->
  <testcase name="bqbgwcl_wc" time="0.025" classname="com.webirrse.testcode.IRR_YWCL_OR04">
    <failure type="java.lang.AssertionError" message="C49评估期保全变更完成件数 expected [89] but found [95]">
      <![CDATA[java.lang.AssertionError: C49评估期保全变更完成件数 expected [89] but found [95]
	at com.webirrse.testcode.IRR_YWCL_OR04.bqbgwcl_wc(IRR_YWCL_OR04.java:453)
... Removed 27 stack frames]]>
    </failure>
  </testcase> <!-- bqbgwcl_wc -->
  <testcase name="bqbgwcl_lc" time="0.024" classname="com.webirrse.testcode.IRR_YWCL_OR04"/>
  <testcase name="bqbgwcl_xz" time="0.025" classname="com.webirrse.testcode.IRR_YWCL_OR04"/>
  <testcase name="tbl" time="0.024" classname="com.webirrse.testcode.IRR_YWCL_OR04">
    <failure type="java.lang.AssertionError" message="C52退（撤）保率 expected [0.11] but found [0.05]">
      <![CDATA[java.lang.AssertionError: C52退（撤）保率 expected [0.11] but found [0.05]
	at com.webirrse.testcode.IRR_YWCL_OR04.tbl(IRR_YWCL_OR04.java:474)
... Removed 27 stack frames]]>
    </failure>
  </testcase> <!-- tbl -->
  <testcase name="tbl_cb" time="0.025" classname="com.webirrse.testcode.IRR_YWCL_OR04">
    <failure type="java.lang.AssertionError" message="C53评估期本期合计撤保金总额 expected [9] but found [3]">
      <![CDATA[java.lang.AssertionError: C53评估期本期合计撤保金总额 expected [9] but found [3]
	at com.webirrse.testcode.IRR_YWCL_OR04.tbl_cb(IRR_YWCL_OR04.java:481)
... Removed 27 stack frames]]>
    </failure>
  </testcase> <!-- tbl_cb -->
  <testcase name="tbl_tb" time="0.025" classname="com.webirrse.testcode.IRR_YWCL_OR04"/>
  <testcase name="tbl_ss" time="0.027" classname="com.webirrse.testcode.IRR_YWCL_OR04"/>
  <testcase name="bdsxl" time="0.026" classname="com.webirrse.testcode.IRR_YWCL_OR04"/>
  <testcase name="bdsxl_sx" time="0.03" classname="com.webirrse.testcode.IRR_YWCL_OR04">
    <failure type="java.lang.AssertionError" message="C57失效、退保金额 expected [0.06] but found [0.03]">
      <![CDATA[java.lang.AssertionError: C57失效、退保金额 expected [0.06] but found [0.03]
	at com.webirrse.testcode.IRR_YWCL_OR04.bdsxl_sx(IRR_YWCL_OR04.java:509)
... Removed 27 stack frames]]>
    </failure>
  </testcase> <!-- bdsxl_sx -->
  <testcase name="bdsxl_jb" time="0.028" classname="com.webirrse.testcode.IRR_YWCL_OR04">
    <failure type="java.lang.AssertionError" message="C58减保金额 expected [9] but found [6]">
      <![CDATA[java.lang.AssertionError: C58减保金额 expected [9] but found [6]
	at com.webirrse.testcode.IRR_YWCL_OR04.bdsxl_jb(IRR_YWCL_OR04.java:516)
... Removed 27 stack frames]]>
    </failure>
  </testcase> <!-- bdsxl_jb -->
  <testcase name="bdsxl_fx" time="0.029" classname="com.webirrse.testcode.IRR_YWCL_OR04"/>
  <testcase name="bdsxl_zb" time="0.03" classname="com.webirrse.testcode.IRR_YWCL_OR04"/>
  <testcase name="bdsxl_lj" time="0.03" classname="com.webirrse.testcode.IRR_YWCL_OR04"/>
  <testcase name="bqccl" time="0.029" classname="com.webirrse.testcode.IRR_YWCL_OR04"/>
  <testcase name="bqccl_ccs" time="0.044" classname="com.webirrse.testcode.IRR_YWCL_OR04">
    <failure type="java.lang.AssertionError" message="C63评估期内保全差错件总量 expected [0.0201] but found [0.01]">
      <![CDATA[java.lang.AssertionError: C63评估期内保全差错件总量 expected [0.0201] but found [0.01]
	at com.webirrse.testcode.IRR_YWCL_OR04.bqccl_ccs(IRR_YWCL_OR04.java:551)
... Removed 27 stack frames]]>
    </failure>
  </testcase> <!-- bqccl_ccs -->
  <testcase name="bqccl_sxs" time="0.056" classname="com.webirrse.testcode.IRR_YWCL_OR04">
    <failure type="java.lang.AssertionError" message="C64评估期操作的确认生效的保全件总量 expected [201] but found [100]">
      <![CDATA[java.lang.AssertionError: C64评估期操作的确认生效的保全件总量 expected [201] but found [100]
	at com.webirrse.testcode.IRR_YWCL_OR04.bqccl_sxs(IRR_YWCL_OR04.java:558)
... Removed 27 stack frames]]>
    </failure>
  </testcase> <!-- bqccl_sxs -->
  <testcase name="bdzyzf" time="0.043" classname="com.webirrse.testcode.IRR_YWCL_OR04"/>
  <testcase name="bqglfx_zc" time="0.04" classname="com.webirrse.testcode.IRR_YWCL_OR04">
    <failure type="java.lang.AssertionError" message="C66最近4个季度公司自查发现保全管理操作风险事件的次数 expected [1|评估期，保单质押贷款均通过银行转账支付至投保人银行账户] but found [2|其他情况]">
      <![CDATA[java.lang.AssertionError: C66最近4个季度公司自查发现保全管理操作风险事件的次数 expected [1|评估期，保单质押贷款均通过银行转账支付至投保人银行账户] but found [2|其他情况]
	at com.webirrse.testcode.IRR_YWCL_OR04.bqglfx_zc(IRR_YWCL_OR04.java:572)
... Removed 27 stack frames]]>
    </failure>
  </testcase> <!-- bqglfx_zc -->
  <testcase name="bqglfx_jg" time="0.026" classname="com.webirrse.testcode.IRR_YWCL_OR04">
    <failure type="java.lang.AssertionError" message="C67最近4个季度监管部门检查发现保全管理操作风险事件的次数 expected [6] but found [0]">
      <![CDATA[java.lang.AssertionError: C67最近4个季度监管部门检查发现保全管理操作风险事件的次数 expected [6] but found [0]
	at com.webirrse.testcode.IRR_YWCL_OR04.bqglfx_jg(IRR_YWCL_OR04.java:579)
... Removed 27 stack frames]]>
    </failure>
  </testcase> <!-- bqglfx_jg -->
  <testcase name="zdfx" time="0.027" classname="com.webirrse.testcode.IRR_YWCL_OR04">
    <failure type="java.lang.AssertionError" message="C68公司销售、承保、保全环节发现重大操作风险事件的次数 expected [2] but found [1]">
      <![CDATA[java.lang.AssertionError: C68公司销售、承保、保全环节发现重大操作风险事件的次数 expected [2] but found [1]
	at com.webirrse.testcode.IRR_YWCL_OR04.zdfx(IRR_YWCL_OR04.java:586)
... Removed 27 stack frames]]>
    </failure>
  </testcase> <!-- zdfx -->
  <testcase name="zhglaq_zc" time="0.026" classname="com.webirrse.testcode.IRR_YWCL_OR04">
    <failure type="java.lang.AssertionError" message="C69公司自查发现账号管理安全事件的次数 expected [0] but found [1]">
      <![CDATA[java.lang.AssertionError: C69公司自查发现账号管理安全事件的次数 expected [0] but found [1]
	at com.webirrse.testcode.IRR_YWCL_OR04.zhglaq_zc(IRR_YWCL_OR04.java:593)
... Removed 27 stack frames]]>
    </failure>
  </testcase> <!-- zhglaq_zc -->
  <testcase name="zhglaq_jg" time="0.027" classname="com.webirrse.testcode.IRR_YWCL_OR04">
    <failure type="java.lang.AssertionError" message="C70监管部门检查发现账号管理安全事件的次数 expected [2] but found [0]">
      <![CDATA[java.lang.AssertionError: C70监管部门检查发现账号管理安全事件的次数 expected [2] but found [0]
	at com.webirrse.testcode.IRR_YWCL_OR04.zhglaq_jg(IRR_YWCL_OR04.java:600)
... Removed 27 stack frames]]>
    </failure>
  </testcase> <!-- zhglaq_jg -->
  <testcase name="yjxtjt" time="0.026" classname="com.webirrse.testcode.IRR_YWCL_OR04">
    <failure type="java.lang.AssertionError" message="C71佣金系统计提情况 expected [3] but found [1]">
      <![CDATA[java.lang.AssertionError: C71佣金系统计提情况 expected [3] but found [1]
	at com.webirrse.testcode.IRR_YWCL_OR04.yjxtjt(IRR_YWCL_OR04.java:607)
... Removed 27 stack frames]]>
    </failure>
  </testcase> <!-- yjxtjt -->
  <testcase name="zzzeletefile" time="0.001" classname="com.webirrse.testcode.IRR_YWCL_OR04"/>
</testsuite> <!-- YWCL_OR04_case11 -->
