<?xml version="1.0" encoding="UTF-8"?>
<!-- Generated by org.testng.reporters.JUnitXMLReporter -->
<testsuite hostname="nova-PC" name="YWCL_OR04_case1" tests="69" failures="44" timestamp="15 Jun 2017 10:23:23 GMT" time="84.02" errors="0">
  <testcase name="IRR_YWCL_OR04_INPut" time="78.11" classname="com.webirrse.testcode.IRR_YWCL_OR04"/>
  <testcase name="glclzl" time="1.055" classname="com.webirrse.testcode.IRR_YWCL_OR04">
    <failure type="java.lang.AssertionError" message="C4管理层离职率错误 expected [1] but found [0.49]">
      <![CDATA[java.lang.AssertionError: C4管理层离职率错误 expected [1] but found [0.49]
	at com.webirrse.testcode.IRR_YWCL_OR04.glclzl(IRR_YWCL_OR04.java:127)
... Removed 27 stack frames]]>
    </failure>
  </testcase> <!-- glclzl -->
  <testcase name="glclzl_lz" time="0.183" classname="com.webirrse.testcode.IRR_YWCL_OR04">
    <failure type="java.lang.AssertionError" message="C5最近4个季度省级分公司总经理室成员及中心支公司主要负责人离职人数错误 expected [29] but found [49]">
      <![CDATA[java.lang.AssertionError: C5最近4个季度省级分公司总经理室成员及中心支公司主要负责人离职人数错误 expected [29] but found [49]
	at com.webirrse.testcode.IRR_YWCL_OR04.glclzl_lz(IRR_YWCL_OR04.java:133)
... Removed 27 stack frames]]>
    </failure>
  </testcase> <!-- glclzl_lz -->
  <testcase name="glclzl_zz" time="0.117" classname="com.webirrse.testcode.IRR_YWCL_OR04">
    <failure type="java.lang.AssertionError" message="C6评估期期末省级分公司总经理室成员及中心支公司主要负责人在职人数错误 expected [71] but found [51]">
      <![CDATA[java.lang.AssertionError: C6评估期期末省级分公司总经理室成员及中心支公司主要负责人在职人数错误 expected [71] but found [51]
	at com.webirrse.testcode.IRR_YWCL_OR04.glclzl_zz(IRR_YWCL_OR04.java:139)
... Removed 27 stack frames]]>
    </failure>
  </testcase> <!-- glclzl_zz -->
  <testcase name="bmglcjy" time="0.102" classname="com.webirrse.testcode.IRR_YWCL_OR04">
    <failure type="java.lang.AssertionError" message="C7部门负责人具有5年以上保险相关从业经验的占比 expected [0.81] but found [0.51]">
      <![CDATA[java.lang.AssertionError: C7部门负责人具有5年以上保险相关从业经验的占比 expected [0.81] but found [0.51]
	at com.webirrse.testcode.IRR_YWCL_OR04.bmglcjy(IRR_YWCL_OR04.java:145)
... Removed 27 stack frames]]>
    </failure>
  </testcase> <!-- bmglcjy -->
  <testcase name="bmglcjy_wnys" time="0.091" classname="com.webirrse.testcode.IRR_YWCL_OR04">
    <failure type="java.lang.AssertionError" message="C8五年以上相关从业经验人数 expected [81] but found [51]">
      <![CDATA[java.lang.AssertionError: C8五年以上相关从业经验人数 expected [81] but found [51]
	at com.webirrse.testcode.IRR_YWCL_OR04.bmglcjy_wnys(IRR_YWCL_OR04.java:151)
... Removed 27 stack frames]]>
    </failure>
  </testcase> <!-- bmglcjy_wnys -->
  <testcase name="bmglcjy_qmzs" time="0.097" classname="com.webirrse.testcode.IRR_YWCL_OR04"/>
  <testcase name="yglsl" time="0.116" classname="com.webirrse.testcode.IRR_YWCL_OR04">
    <failure type="java.lang.AssertionError" message="C10员工流失率 expected [0.14] but found [0.29]">
      <![CDATA[java.lang.AssertionError: C10员工流失率 expected [0.14] but found [0.29]
	at com.webirrse.testcode.IRR_YWCL_OR04.yglsl(IRR_YWCL_OR04.java:163)
... Removed 27 stack frames]]>
    </failure>
  </testcase> <!-- yglsl -->
  <testcase name="yglsl_lz" time="0.093" classname="com.webirrse.testcode.IRR_YWCL_OR04">
    <failure type="java.lang.AssertionError" message="C11最近4个季度省级分公司及以下分支机构销售、承保、保全部门离职员工人数 expected [14] but found [29]">
      <![CDATA[java.lang.AssertionError: C11最近4个季度省级分公司及以下分支机构销售、承保、保全部门离职员工人数 expected [14] but found [29]
	at com.webirrse.testcode.IRR_YWCL_OR04.yglsl_lz(IRR_YWCL_OR04.java:169)
... Removed 27 stack frames]]>
    </failure>
  </testcase> <!-- yglsl_lz -->
  <testcase name="yglsl_qb" time="0.084" classname="com.webirrse.testcode.IRR_YWCL_OR04"/>
  <testcase name="yglsl_zj" time="0.09" classname="com.webirrse.testcode.IRR_YWCL_OR04"/>
  <testcase name="fzrpxcs" time="0.107" classname="com.webirrse.testcode.IRR_YWCL_OR04">
    <failure type="java.lang.AssertionError" message="C14最近4个季度部门负责人培训次数 expected [4] but found [1]">
      <![CDATA[java.lang.AssertionError: C14最近4个季度部门负责人培训次数 expected [4] but found [1]
	at com.webirrse.testcode.IRR_YWCL_OR04.fzrpxcs(IRR_YWCL_OR04.java:188)
... Removed 27 stack frames]]>
    </failure>
  </testcase> <!-- fzrpxcs -->
  <testcase name="yjkh" time="0.068" classname="com.webirrse.testcode.IRR_YWCL_OR04"/>
  <testcase name="zjxyqdl" time="0.082" classname="com.webirrse.testcode.IRR_YWCL_OR04">
    <failure type="java.lang.AssertionError" message="C16中介协议签订率 expected [1] but found [0.99]">
      <![CDATA[java.lang.AssertionError: C16中介协议签订率 expected [1] but found [0.99]
	at com.webirrse.testcode.IRR_YWCL_OR04.zjxyqdl(IRR_YWCL_OR04.java:200)
... Removed 27 stack frames]]>
    </failure>
  </testcase> <!-- zjxyqdl -->
  <testcase name="zjxyqdl_xys" time="0.102" classname="com.webirrse.testcode.IRR_YWCL_OR04">
    <failure type="java.lang.AssertionError" message="C17评估期期末公司与代理机构签订有效的合作协议份数 expected [100] but found [99]">
      <![CDATA[java.lang.AssertionError: C17评估期期末公司与代理机构签订有效的合作协议份数 expected [100] but found [99]
	at com.webirrse.testcode.IRR_YWCL_OR04.zjxyqdl_xys(IRR_YWCL_OR04.java:207)
... Removed 27 stack frames]]>
    </failure>
  </testcase> <!-- zjxyqdl_xys -->
  <testcase name="zjxyqdl_jgs" time="0.082" classname="com.webirrse.testcode.IRR_YWCL_OR04"/>
  <testcase name="xsxyqdl" time="0.082" classname="com.webirrse.testcode.IRR_YWCL_OR04">
    <failure type="java.lang.AssertionError" message="C19代理机构总家数 expected [1] but found [0.99]">
      <![CDATA[java.lang.AssertionError: C19代理机构总家数 expected [1] but found [0.99]
	at com.webirrse.testcode.IRR_YWCL_OR04.xsxyqdl(IRR_YWCL_OR04.java:220)
... Removed 27 stack frames]]>
    </failure>
  </testcase> <!-- xsxyqdl -->
  <testcase name="xsxyqdl_yxs" time="0.074" classname="com.webirrse.testcode.IRR_YWCL_OR04">
    <failure type="java.lang.AssertionError" message="C20评估期期末公司与销售人员签订有效的劳动合同、代理合同份数 expected [100] but found [99]">
      <![CDATA[java.lang.AssertionError: C20评估期期末公司与销售人员签订有效的劳动合同、代理合同份数 expected [100] but found [99]
	at com.webirrse.testcode.IRR_YWCL_OR04.xsxyqdl_yxs(IRR_YWCL_OR04.java:226)
... Removed 27 stack frames]]>
    </failure>
  </testcase> <!-- xsxyqdl_yxs -->
  <testcase name="xsxyqdl_zs" time="0.07" classname="com.webirrse.testcode.IRR_YWCL_OR04"/>
  <testcase name="qzbdtsl" time="0.08" classname="com.webirrse.testcode.IRR_YWCL_OR04">
    <failure type="java.lang.AssertionError" message="C22千张保单投诉量 expected [2] but found [5]">
      <![CDATA[java.lang.AssertionError: C22千张保单投诉量 expected [2] but found [5]
	at com.webirrse.testcode.IRR_YWCL_OR04.qzbdtsl(IRR_YWCL_OR04.java:238)
... Removed 27 stack frames]]>
    </failure>
  </testcase> <!-- qzbdtsl -->
  <testcase name="qzbdtsl_tss" time="0.09" classname="com.webirrse.testcode.IRR_YWCL_OR04">
    <failure type="java.lang.AssertionError" message="C23评估期公司受理的有效投诉件数总量 expected [2] but found [5]">
      <![CDATA[java.lang.AssertionError: C23评估期公司受理的有效投诉件数总量 expected [2] but found [5]
	at com.webirrse.testcode.IRR_YWCL_OR04.qzbdtsl_tss(IRR_YWCL_OR04.java:244)
... Removed 27 stack frames]]>
    </failure>
  </testcase> <!-- qzbdtsl_tss -->
  <testcase name="qzbdtsl_yxs" time="0.084" classname="com.webirrse.testcode.IRR_YWCL_OR04"/>
  <testcase name="dlxxlcl" time="0.085" classname="com.webirrse.testcode.IRR_YWCL_OR04">
    <failure type="java.lang.AssertionError" message="C25代理制销售人员13个月留存率 expected [0] but found [1]">
      <![CDATA[java.lang.AssertionError: C25代理制销售人员13个月留存率 expected [0] but found [1]
	at com.webirrse.testcode.IRR_YWCL_OR04.dlxxlcl(IRR_YWCL_OR04.java:256)
... Removed 27 stack frames]]>
    </failure>
  </testcase> <!-- dlxxlcl -->
  <testcase name="dlxxlcl_pgzz" time="0.053" classname="com.webirrse.testcode.IRR_YWCL_OR04">
    <failure type="java.lang.AssertionError" message="C26评估期期末前13个月已入职且评估期在职代理制销售人员数 expected [0] but found [100]">
      <![CDATA[java.lang.AssertionError: C26评估期期末前13个月已入职且评估期在职代理制销售人员数 expected [0] but found [100]
	at com.webirrse.testcode.IRR_YWCL_OR04.dlxxlcl_pgzz(IRR_YWCL_OR04.java:262)
... Removed 27 stack frames]]>
    </failure>
  </testcase> <!-- dlxxlcl_pgzz -->
  <testcase name="dlxxlcl_rz" time="0.061" classname="com.webirrse.testcode.IRR_YWCL_OR04"/>
  <testcase name="zyczfx_zc" time="0.069" classname="com.webirrse.testcode.IRR_YWCL_OR04">
    <failure type="java.lang.AssertionError" message="C28最近4个季度公司自查发现展业操作风险事件次数 expected [0] but found [1]">
      <![CDATA[java.lang.AssertionError: C28最近4个季度公司自查发现展业操作风险事件次数 expected [0] but found [1]
	at com.webirrse.testcode.IRR_YWCL_OR04.zyczfx_zc(IRR_YWCL_OR04.java:274)
... Removed 27 stack frames]]>
    </failure>
  </testcase> <!-- zyczfx_zc -->
  <testcase name="zyczfx_jg" time="0.053" classname="com.webirrse.testcode.IRR_YWCL_OR04">
    <failure type="java.lang.AssertionError" message="C29最近4个季度监管部门发现展业操作风险事件次数 expected [0] but found [1]">
      <![CDATA[java.lang.AssertionError: C29最近4个季度监管部门发现展业操作风险事件次数 expected [0] but found [1]
	at com.webirrse.testcode.IRR_YWCL_OR04.zyczfx_jg(IRR_YWCL_OR04.java:280)
... Removed 27 stack frames]]>
    </failure>
  </testcase> <!-- zyczfx_jg -->
  <testcase name="zjczfx_zc" time="0.061" classname="com.webirrse.testcode.IRR_YWCL_OR04">
    <failure type="java.lang.AssertionError" message="C30最近4个季度公司自查发现中介业务操作风险事件次数 expected [0] but found [1]">
      <![CDATA[java.lang.AssertionError: C30最近4个季度公司自查发现中介业务操作风险事件次数 expected [0] but found [1]
	at com.webirrse.testcode.IRR_YWCL_OR04.zjczfx_zc(IRR_YWCL_OR04.java:286)
... Removed 27 stack frames]]>
    </failure>
  </testcase> <!-- zjczfx_zc -->
  <testcase name="zjczfx_jg" time="0.071" classname="com.webirrse.testcode.IRR_YWCL_OR04">
    <failure type="java.lang.AssertionError" message="C31最近4个季度监管发现中介业务操作风险事件次数 expected [0] but found [1]">
      <![CDATA[java.lang.AssertionError: C31最近4个季度监管发现中介业务操作风险事件次数 expected [0] but found [1]
	at com.webirrse.testcode.IRR_YWCL_OR04.zjczfx_jg(IRR_YWCL_OR04.java:293)
... Removed 27 stack frames]]>
    </failure>
  </testcase> <!-- zjczfx_jg -->
  <testcase name="xsglfx_zc" time="0.067" classname="com.webirrse.testcode.IRR_YWCL_OR04">
    <failure type="java.lang.AssertionError" message="C32最近4个季度公司自查发现存在销售人员管理操作风险事件的次数 expected [0] but found [1]">
      <![CDATA[java.lang.AssertionError: C32最近4个季度公司自查发现存在销售人员管理操作风险事件的次数 expected [0] but found [1]
	at com.webirrse.testcode.IRR_YWCL_OR04.xsglfx_zc(IRR_YWCL_OR04.java:299)
... Removed 27 stack frames]]>
    </failure>
  </testcase> <!-- xsglfx_zc -->
  <testcase name="xsglfx_jg" time="0.059" classname="com.webirrse.testcode.IRR_YWCL_OR04">
    <failure type="java.lang.AssertionError" message="C33最近4个季度监管部门检查发现存在销售人员管理操作风险事件的次数 expected [0] but found [1]">
      <![CDATA[java.lang.AssertionError: C33最近4个季度监管部门检查发现存在销售人员管理操作风险事件的次数 expected [0] but found [1]
	at com.webirrse.testcode.IRR_YWCL_OR04.xsglfx_jg(IRR_YWCL_OR04.java:305)
... Removed 27 stack frames]]>
    </failure>
  </testcase> <!-- xsglfx_jg -->
  <testcase name="cbbfx" time="0.061" classname="com.webirrse.testcode.IRR_YWCL_OR04"/>
  <testcase name="yyqhfcgl" time="0.061" classname="com.webirrse.testcode.IRR_YWCL_OR04">
    <failure type="java.lang.AssertionError" message="C35犹豫期内电话回访成功率 expected [1] but found [0.9]">
      <![CDATA[java.lang.AssertionError: C35犹豫期内电话回访成功率 expected [1] but found [0.9]
	at com.webirrse.testcode.IRR_YWCL_OR04.yyqhfcgl(IRR_YWCL_OR04.java:317)
... Removed 27 stack frames]]>
    </failure>
  </testcase> <!-- yyqhfcgl -->
  <testcase name="yyqhfcgl_hfs" time="0.059" classname="com.webirrse.testcode.IRR_YWCL_OR04">
    <failure type="java.lang.AssertionError" message="C36评估期内通过电话回访方式在犹豫期内完成新契约回访的保单件数 expected [100] but found [90]">
      <![CDATA[java.lang.AssertionError: C36评估期内通过电话回访方式在犹豫期内完成新契约回访的保单件数 expected [100] but found [90]
	at com.webirrse.testcode.IRR_YWCL_OR04.yyqhfcgl_hfs(IRR_YWCL_OR04.java:323)
... Removed 27 stack frames]]>
    </failure>
  </testcase> <!-- yyqhfcgl_hfs -->
  <testcase name="yyqhfcgl_bds" time="0.047" classname="com.webirrse.testcode.IRR_YWCL_OR04"/>
  <testcase name="qyhfl" time="0.055" classname="com.webirrse.testcode.IRR_YWCL_OR04">
    <failure type="java.lang.AssertionError" message="C38新契约回访完成率 expected [1] but found [0.95]">
      <![CDATA[java.lang.AssertionError: C38新契约回访完成率 expected [1] but found [0.95]
	at com.webirrse.testcode.IRR_YWCL_OR04.qyhfl(IRR_YWCL_OR04.java:335)
... Removed 27 stack frames]]>
    </failure>
  </testcase> <!-- qyhfl -->
  <testcase name="qyhfl_hfs" time="0.062" classname="com.webirrse.testcode.IRR_YWCL_OR04">
    <failure type="java.lang.AssertionError" message="C39评估期内承保的保单中完成回访的保单件数 expected [100] but found [95]">
      <![CDATA[java.lang.AssertionError: C39评估期内承保的保单中完成回访的保单件数 expected [100] but found [95]
	at com.webirrse.testcode.IRR_YWCL_OR04.qyhfl_hfs(IRR_YWCL_OR04.java:341)
... Removed 27 stack frames]]>
    </failure>
  </testcase> <!-- qyhfl_hfs -->
  <testcase name="qyhfl_bds" time="0.056" classname="com.webirrse.testcode.IRR_YWCL_OR04"/>
  <testcase name="fxqfx_cf" time="0.084" classname="com.webirrse.testcode.IRR_YWCL_OR04">
    <failure type="java.lang.AssertionError" message="C41最近4个季度公司因反洗钱工作被监管部门处罚次数 expected [0] but found [1]">
      <![CDATA[java.lang.AssertionError: C41最近4个季度公司因反洗钱工作被监管部门处罚次数 expected [0] but found [1]
	at com.webirrse.testcode.IRR_YWCL_OR04.fxqfx_cf(IRR_YWCL_OR04.java:353)
... Removed 27 stack frames]]>
    </failure>
  </testcase> <!-- fxqfx_cf -->
  <testcase name="fxqfx_jgh" time="0.082" classname="com.webirrse.testcode.IRR_YWCL_OR04">
    <failure type="java.lang.AssertionError" message="C42最近4个季度公司因反洗钱工作被监管部门下发监管函的次数 expected [0] but found [1]">
      <![CDATA[java.lang.AssertionError: C42最近4个季度公司因反洗钱工作被监管部门下发监管函的次数 expected [0] but found [1]
	at com.webirrse.testcode.IRR_YWCL_OR04.fxqfx_jgh(IRR_YWCL_OR04.java:359)
... Removed 27 stack frames]]>
    </failure>
  </testcase> <!-- fxqfx_jgh -->
  <testcase name="cbglfx_zc" time="0.085" classname="com.webirrse.testcode.IRR_YWCL_OR04">
    <failure type="java.lang.AssertionError" message="C43最近4个季度公司自查发现承保管理操作风险事件次数 expected [0] but found [1]">
      <![CDATA[java.lang.AssertionError: C43最近4个季度公司自查发现承保管理操作风险事件次数 expected [0] but found [1]
	at com.webirrse.testcode.IRR_YWCL_OR04.cbglfx_zc(IRR_YWCL_OR04.java:365)
... Removed 27 stack frames]]>
    </failure>
  </testcase> <!-- cbglfx_zc -->
  <testcase name="cbglfx_jg" time="0.083" classname="com.webirrse.testcode.IRR_YWCL_OR04">
    <failure type="java.lang.AssertionError" message="C44最近4个季度监管部门发现承保管理操作风险事件次数 expected [0] but found [1]">
      <![CDATA[java.lang.AssertionError: C44最近4个季度监管部门发现承保管理操作风险事件次数 expected [0] but found [1]
	at com.webirrse.testcode.IRR_YWCL_OR04.cbglfx_jg(IRR_YWCL_OR04.java:371)
... Removed 27 stack frames]]>
    </failure>
  </testcase> <!-- cbglfx_jg -->
  <testcase name="xqsfl" time="0.09" classname="com.webirrse.testcode.IRR_YWCL_OR04">
    <failure type="java.lang.AssertionError" message="C45续期收费率 expected [0.91] but found [0.81]">
      <![CDATA[java.lang.AssertionError: C45续期收费率 expected [0.91] but found [0.81]
	at com.webirrse.testcode.IRR_YWCL_OR04.xqsfl(IRR_YWCL_OR04.java:377)
... Removed 27 stack frames]]>
    </failure>
  </testcase> <!-- xqsfl -->
  <testcase name="xqsfl_ss" time="0.112" classname="com.webirrse.testcode.IRR_YWCL_OR04">
    <failure type="java.lang.AssertionError" message="C46评估期本期应收实收保费 expected [91] but found [81]">
      <![CDATA[java.lang.AssertionError: C46评估期本期应收实收保费 expected [91] but found [81]
	at com.webirrse.testcode.IRR_YWCL_OR04.xqsfl_ss(IRR_YWCL_OR04.java:383)
... Removed 27 stack frames]]>
    </failure>
  </testcase> <!-- xqsfl_ss -->
  <testcase name="xqsfl_ys" time="0.049" classname="com.webirrse.testcode.IRR_YWCL_OR04"/>
  <testcase name="bqbgwcl" time="0.059" classname="com.webirrse.testcode.IRR_YWCL_OR04">
    <failure type="java.lang.AssertionError" message="C48保全变更完成率 expected [0.96] but found [0.91]">
      <![CDATA[java.lang.AssertionError: C48保全变更完成率 expected [0.96] but found [0.91]
	at com.webirrse.testcode.IRR_YWCL_OR04.bqbgwcl(IRR_YWCL_OR04.java:395)
... Removed 27 stack frames]]>
    </failure>
  </testcase> <!-- bqbgwcl -->
  <testcase name="bqbgwcl_wc" time="0.048" classname="com.webirrse.testcode.IRR_YWCL_OR04">
    <failure type="java.lang.AssertionError" message="C49评估期保全变更完成件数 expected [96] but found [91]">
      <![CDATA[java.lang.AssertionError: C49评估期保全变更完成件数 expected [96] but found [91]
	at com.webirrse.testcode.IRR_YWCL_OR04.bqbgwcl_wc(IRR_YWCL_OR04.java:401)
... Removed 27 stack frames]]>
    </failure>
  </testcase> <!-- bqbgwcl_wc -->
  <testcase name="bqbgwcl_lc" time="0.045" classname="com.webirrse.testcode.IRR_YWCL_OR04"/>
  <testcase name="bqbgwcl_xz" time="0.052" classname="com.webirrse.testcode.IRR_YWCL_OR04"/>
  <testcase name="tbl" time="0.045" classname="com.webirrse.testcode.IRR_YWCL_OR04">
    <failure type="java.lang.AssertionError" message="C52退（撤）保率 expected [0.04] but found [0.09]">
      <![CDATA[java.lang.AssertionError: C52退（撤）保率 expected [0.04] but found [0.09]
	at com.webirrse.testcode.IRR_YWCL_OR04.tbl(IRR_YWCL_OR04.java:419)
... Removed 27 stack frames]]>
    </failure>
  </testcase> <!-- tbl -->
  <testcase name="tbl_cb" time="0.046" classname="com.webirrse.testcode.IRR_YWCL_OR04">
    <failure type="java.lang.AssertionError" message="C53评估期本期合计撤保金总额 expected [2] but found [7]">
      <![CDATA[java.lang.AssertionError: C53评估期本期合计撤保金总额 expected [2] but found [7]
	at com.webirrse.testcode.IRR_YWCL_OR04.tbl_cb(IRR_YWCL_OR04.java:425)
... Removed 27 stack frames]]>
    </failure>
  </testcase> <!-- tbl_cb -->
  <testcase name="tbl_tb" time="0.044" classname="com.webirrse.testcode.IRR_YWCL_OR04"/>
  <testcase name="tbl_ss" time="0.047" classname="com.webirrse.testcode.IRR_YWCL_OR04"/>
  <testcase name="bdsxl" time="0.04" classname="com.webirrse.testcode.IRR_YWCL_OR04"/>
  <testcase name="bdsxl_sx" time="0.068" classname="com.webirrse.testcode.IRR_YWCL_OR04">
    <failure type="java.lang.AssertionError" message="C57失效、退保金额 expected [0.02] but found [0.05]">
      <![CDATA[java.lang.AssertionError: C57失效、退保金额 expected [0.02] but found [0.05]
	at com.webirrse.testcode.IRR_YWCL_OR04.bdsxl_sx(IRR_YWCL_OR04.java:449)
... Removed 27 stack frames]]>
    </failure>
  </testcase> <!-- bdsxl_sx -->
  <testcase name="bdsxl_jb" time="0.065" classname="com.webirrse.testcode.IRR_YWCL_OR04">
    <failure type="java.lang.AssertionError" message="C58减保金额 expected [5] but found [8]">
      <![CDATA[java.lang.AssertionError: C58减保金额 expected [5] but found [8]
	at com.webirrse.testcode.IRR_YWCL_OR04.bdsxl_jb(IRR_YWCL_OR04.java:455)
... Removed 27 stack frames]]>
    </failure>
  </testcase> <!-- bdsxl_jb -->
  <testcase name="bdsxl_fx" time="0.067" classname="com.webirrse.testcode.IRR_YWCL_OR04"/>
  <testcase name="bdsxl_zb" time="0.067" classname="com.webirrse.testcode.IRR_YWCL_OR04"/>
  <testcase name="bdsxl_lj" time="0.059" classname="com.webirrse.testcode.IRR_YWCL_OR04"/>
  <testcase name="bqccl" time="0.055" classname="com.webirrse.testcode.IRR_YWCL_OR04"/>
  <testcase name="bqccl_ccs" time="0.061" classname="com.webirrse.testcode.IRR_YWCL_OR04">
    <failure type="java.lang.AssertionError" message="C63评估期内保全差错件总量 expected [0.0099] but found [0.0199]">
      <![CDATA[java.lang.AssertionError: C63评估期内保全差错件总量 expected [0.0099] but found [0.0199]
	at com.webirrse.testcode.IRR_YWCL_OR04.bqccl_ccs(IRR_YWCL_OR04.java:485)
... Removed 27 stack frames]]>
    </failure>
  </testcase> <!-- bqccl_ccs -->
  <testcase name="bqccl_sxs" time="0.054" classname="com.webirrse.testcode.IRR_YWCL_OR04">
    <failure type="java.lang.AssertionError" message="C64评估期操作的确认生效的保全件总量 expected [99] but found [199]">
      <![CDATA[java.lang.AssertionError: C64评估期操作的确认生效的保全件总量 expected [99] but found [199]
	at com.webirrse.testcode.IRR_YWCL_OR04.bqccl_sxs(IRR_YWCL_OR04.java:491)
... Removed 27 stack frames]]>
    </failure>
  </testcase> <!-- bqccl_sxs -->
  <testcase name="bdzyzf" time="0.036" classname="com.webirrse.testcode.IRR_YWCL_OR04"/>
  <testcase name="bqglfx_zc" time="0.041" classname="com.webirrse.testcode.IRR_YWCL_OR04"/>
  <testcase name="bqglfx_jg" time="0.057" classname="com.webirrse.testcode.IRR_YWCL_OR04">
    <failure type="java.lang.AssertionError" message="C67最近4个季度监管部门检查发现保全管理操作风险事件的次数 expected [0] but found [1]">
      <![CDATA[java.lang.AssertionError: C67最近4个季度监管部门检查发现保全管理操作风险事件的次数 expected [0] but found [1]
	at com.webirrse.testcode.IRR_YWCL_OR04.bqglfx_jg(IRR_YWCL_OR04.java:509)
... Removed 27 stack frames]]>
    </failure>
  </testcase> <!-- bqglfx_jg -->
  <testcase name="zdfx" time="0.045" classname="com.webirrse.testcode.IRR_YWCL_OR04">
    <failure type="java.lang.AssertionError" message="C68公司销售、承保、保全环节发现重大操作风险事件的次数 expected [0] but found [1]">
      <![CDATA[java.lang.AssertionError: C68公司销售、承保、保全环节发现重大操作风险事件的次数 expected [0] but found [1]
	at com.webirrse.testcode.IRR_YWCL_OR04.zdfx(IRR_YWCL_OR04.java:516)
... Removed 27 stack frames]]>
    </failure>
  </testcase> <!-- zdfx -->
  <testcase name="zhglaq_zc" time="0.039" classname="com.webirrse.testcode.IRR_YWCL_OR04"/>
  <testcase name="zhglaq_jg" time="0.038" classname="com.webirrse.testcode.IRR_YWCL_OR04">
    <failure type="java.lang.AssertionError" message="C70监管部门检查发现账号管理安全事件的次数 expected [0] but found [1]">
      <![CDATA[java.lang.AssertionError: C70监管部门检查发现账号管理安全事件的次数 expected [0] but found [1]
	at com.webirrse.testcode.IRR_YWCL_OR04.zhglaq_jg(IRR_YWCL_OR04.java:528)
... Removed 27 stack frames]]>
    </failure>
  </testcase> <!-- zhglaq_jg -->
  <testcase name="yjxtjt" time="0.062" classname="com.webirrse.testcode.IRR_YWCL_OR04">
    <failure type="java.lang.AssertionError" message="C71佣金系统计提情况 expected [0] but found [1]">
      <![CDATA[java.lang.AssertionError: C71佣金系统计提情况 expected [0] but found [1]
	at com.webirrse.testcode.IRR_YWCL_OR04.yjxtjt(IRR_YWCL_OR04.java:534)
... Removed 27 stack frames]]>
    </failure>
  </testcase> <!-- yjxtjt -->
</testsuite> <!-- YWCL_OR04_case1 -->
