<?xml version="1.0" encoding="UTF-8"?>
<testng-results skipped="0" failed="0" total="1" passed="1">
  <reporter-output>
  </reporter-output>
  <suite name="Default suite" duration-ms="28097" started-at="2019-06-04T14:41:05Z" finished-at="2019-06-04T14:41:33Z">
    <groups>
    </groups>
    <test name="Default test" duration-ms="28097" started-at="2019-06-04T14:41:05Z" finished-at="2019-06-04T14:41:33Z">
      <class name="loginTest">
        <test-method status="PASS" signature="setUp()[pri:0, instance:loginTest@1794d431]" name="setUp" is-config="true" duration-ms="24" started-at="2019-06-04T22:41:05Z" finished-at="2019-06-04T22:41:05Z">
          <reporter-output>
          </reporter-output>
        </test-method> <!-- setUp -->
        <test-method status="PASS" signature="testbaidutitle()[pri:0, instance:loginTest@1794d431]" name="testbaidutitle" duration-ms="28021" started-at="2019-06-04T22:41:05Z" finished-at="2019-06-04T22:41:33Z">
          <reporter-output>
          </reporter-output>
        </test-method> <!-- testbaidutitle -->
        <test-method status="PASS" signature="tearDown()[pri:0, instance:loginTest@1794d431]" name="tearDown" is-config="true" duration-ms="11" started-at="2019-06-04T22:41:33Z" finished-at="2019-06-04T22:41:33Z">
          <reporter-output>
          </reporter-output>
        </test-method> <!-- tearDown -->
      </class> <!-- loginTest -->
    </test> <!-- Default test -->
  </suite> <!-- Default suite -->
</testng-results>
