<?xml version="1.0" encoding="UTF-8"?>
<!-- Generated by org.testng.reporters.JUnitXMLReporter -->
<testsuite hostname="nova-PC" name="YWCL_OR02_dem_case5" tests="1" failures="0" timestamp="4 Jul 2017 03:32:08 GMT" time="0.1" errors="0">
  <testcase name="salesquitestimate" time="0.09" classname="com.webirrse.code.demo.IRR_YWCL_OR02_demo">
    <failure type="java.lang.Throwable">
      <![CDATA[java.lang.Throwable
	at 错误1: 文件：OR02_情况5_填报表.xlsx
           第22行 第3列 
           评估时点之前12个月发现私印宣传、培训材料事件的次数 expected [9] but found [1] 
           执行失败的方法名: .salesquitestimate(IRR_YWCL_OR02_demo:144)
	at 错误2: 文件：OR02_情况5_填报表.xlsx
           第23行 第3列 
           评估时点之前12个月发现产品说明会销售误导事件的次数 expected [9] but found [1] 
           执行失败的方法名: .salesquitestimate(IRR_YWCL_OR02_demo:144)
	at 错误3: 文件：OR02_情况5_填报表.xlsx
           第27行 第3列 
           评估时点之前12个月违规销售非保险金融产品事件的次数 expected [11] but found [1] 
           执行失败的方法名: .salesquitestimate(IRR_YWCL_OR02_demo:144)
	at 错误4: 文件：OR02_情况5_填报表.xlsx
           第28行 第3列 
           评估时点之前12个月发现组织参与非法集资事件的次数 expected [11] but found [1] 
           执行失败的方法名: .salesquitestimate(IRR_YWCL_OR02_demo:144)
	at 错误5: 文件：OR02_情况5_填报表.xlsx
           第29行 第3列 
           评估时点之前12个月发现通过盗用、伪造印鉴和保单进行诈骗的次数 expected [11] but found [1] 
           执行失败的方法名: .salesquitestimate(IRR_YWCL_OR02_demo:144)
	at 错误6: 文件：OR02_情况5_填报表.xlsx
           第30行 第3列 
           评估时点之前12个月发现侵占、挪用保费事件的次数 expected [11] but found [1] 
           执行失败的方法名: .salesquitestimate(IRR_YWCL_OR02_demo:144)
	at 错误7: 文件：OR02_情况5_填报表.xlsx
           第33行 第3列 
           完整性控制功能情况 expected [3|具备完整性控制功能，且功能完备] but found [2|具备完整性控制功能，但功能不完备] 
           执行失败的方法名: .salesquitestimate(IRR_YWCL_OR02_demo:144)
	at 错误8: 文件：OR02_情况5_填报表.xlsx
           第34行 第3列 
           逻辑准确性控制功能情况 expected [3|具备逻辑准确性控制功能，且功能完备] but found [2|具备逻辑准确性控制功能，但功能不完备] 
           执行失败的方法名: .salesquitestimate(IRR_YWCL_OR02_demo:144)
	at 错误9: 文件：OR02_情况5_填报表.xlsx
           第35行 第3列 
           系统发生故障次数 expected [6] but found [1] 
           执行失败的方法名: .salesquitestimate(IRR_YWCL_OR02_demo:144)
	at 错误10: 文件：OR02_情况5_填报表.xlsx
           第38行 第3列 
            expected [null] but found [] 
           执行失败的方法名: .salesquitestimate(IRR_YWCL_OR02_demo:144)
	at 错误11: 文件：OR02_情况5_填报表.xlsx
           第39行 第3列 
            expected [null] but found [] 
           执行失败的方法名: .salesquitestimate(IRR_YWCL_OR02_demo:144)
]]>
    </failure>
  </testcase> <!-- salesquitestimate -->
</testsuite> <!-- YWCL_OR02_dem_case5 -->
